TN:
SF:/class/classes/adiaz205/lab-6-code-coverage-ylian121_adiaz205/src/Triangle.cpp
FN:9,_ZN6shapes8TriangleC2Eiii
FNDA:1,_ZN6shapes8TriangleC2Eiii
FN:19,_ZNK6shapes8Triangle12getPerimeterEv
FNDA:1,_ZNK6shapes8Triangle12getPerimeterEv
FN:25,_ZNK6shapes8Triangle7getAreaEv
FNDA:0,_ZNK6shapes8Triangle7getAreaEv
FN:37,_ZNK6shapes8Triangle11isIsoscelesEv
FNDA:0,_ZNK6shapes8Triangle11isIsoscelesEv
FN:43,_ZNK6shapes8Triangle13isEquilateralEv
FNDA:0,_ZNK6shapes8Triangle13isEquilateralEv
FN:49,_ZNK6shapes8Triangle7getKindEv
FNDA:0,_ZNK6shapes8Triangle7getKindEv
DA:9,1
DA:12,1
DA:13,1
DA:14,1
DA:15,1
DA:19,1
DA:20,1
DA:25,0
DA:27,0
DA:28,0
DA:29,0
DA:30,0
DA:31,0
DA:32,0
DA:37,0
DA:38,0
DA:43,0
DA:44,0
DA:49,0
DA:50,0
DA:51,0
DA:52,0
DA:53,0
DA:55,0
end_of_record
TN:
SF:/class/classes/adiaz205/lab-6-code-coverage-ylian121_adiaz205/src/testsubject.cpp
FN:3,_ZN11TestSubject6isEvenEi
FNDA:2,_ZN11TestSubject6isEvenEi
FN:7,_ZN11TestSubject6squareEi
FNDA:2,_ZN11TestSubject6squareEi
DA:3,2
DA:4,2
DA:7,2
DA:8,2
DA:9,1
DA:12,1
end_of_record
