        -:    0:Source:/class/classes/adiaz205/lab-6-code-coverage-ylian121_adiaz205/src/testsubject.cpp
        -:    0:Graph:testsubject.cpp.gcno
        -:    0:Data:testsubject.cpp.gcda
        -:    0:Runs:1
        -:    0:Programs:1
        -:    1:#include "../lib/testsubject.h"
        -:    2:
        2:    3:bool TestSubject::isEven(int x) {
        2:    4:    return (x % 2 == 0);
        -:    5:}
        -:    6:
        2:    7:int TestSubject::square(int x) {
        2:    8:    if (isEven(x)) {
        1:    9:        return x * x;
        -:   10:    } else {
        -:   11:        // Intentionally made wrong
        1:   12:        return x + x;
        -:   13:    }
        -:   14:}
