        -:    0:Source:/class/classes/adiaz205/lab-6-code-coverage-ylian121_adiaz205/src/Triangle.cpp
        -:    0:Graph:Triangle.cpp.gcno
        -:    0:Data:Triangle.cpp.gcda
        -:    0:Runs:1
        -:    0:Programs:1
        -:    1:#include <math.h>
        -:    2:#include <assert.h>
        -:    3:#include "../lib/Triangle.h"
        -:    4:
        -:    5:
        -:    6:using shapes::Triangle;
        -:    7:
        -:    8:
        1:    9:Triangle::Triangle(int side1, int side2, int side3)
        -:   10:  : side1{side1},
        -:   11:    side2{side2},
        1:   12:    side3{side3} {
       1*:   13:  assert(side1 >= side2 && side1 >= side3 && "First side is not the longest");
       1*:   14:  assert(side1 < side2 + side3 && "Does not satisfy triangle inequality");
        1:   15:}
        -:   16:
        -:   17:
        -:   18:int
        1:   19:Triangle::getPerimeter() const {
        1:   20:  return side1 + side2 + side2;
        -:   21:}
        -:   22:
        -:   23:
        -:   24:double
    #####:   25:Triangle::getArea() const {
        -:   26:  // Here we use Heron's formula to compute the area
    #####:   27:  double halfPerimeter = getPerimeter() / 2.0;
    #####:   28:  double radicand = halfPerimeter
    #####:   29:                    * (halfPerimeter - side1)
    #####:   30:                    * (halfPerimeter - side2)
    #####:   31:                    * (halfPerimeter - side3);
    #####:   32:  return sqrt(radicand);
        -:   33:}
        -:   34:
        -:   35:
        -:   36:bool
    #####:   37:Triangle::isIsosceles() const {
    #####:   38:  return side1 == side2 || side2 == side3 || side1 == side3;
        -:   39:}
        -:   40:
        -:   41:
        -:   42:bool
    #####:   43:Triangle::isEquilateral() const {
    #####:   44:  return side1 == side2 && side2 == side3;
        -:   45:}
        -:   46:
        -:   47:
        -:   48:Triangle::Kind
    #####:   49:Triangle::getKind() const {
    #####:   50:  if (isIsosceles()) {
    #####:   51:    return Kind::ISOSCELES;
    #####:   52:  } else if (isEquilateral()) {
    #####:   53:    return Kind::EQUILATERAL;
        -:   54:  } else {
    #####:   55:    return Kind::SCALENE;
        -:   56:  }
        -:   57:}
